0 info it worked if it ends with ok
1 verbose cli [ '/usr/local/Cellar/node/7.0.0/bin/node',
1 verbose cli   '/usr/local/bin/npm',
1 verbose cli   'run',
1 verbose cli   'build' ]
2 info using npm@3.10.8
3 info using node@v7.0.0
4 verbose run-script [ 'prebuild', 'build', 'postbuild' ]
5 info lifecycle 2018.jsunconf.eu@0.0.1~prebuild: 2018.jsunconf.eu@0.0.1
6 silly lifecycle 2018.jsunconf.eu@0.0.1~prebuild: no script for prebuild, continuing
7 info lifecycle 2018.jsunconf.eu@0.0.1~build: 2018.jsunconf.eu@0.0.1
8 verbose lifecycle 2018.jsunconf.eu@0.0.1~build: unsafe-perm in lifecycle true
9 verbose lifecycle 2018.jsunconf.eu@0.0.1~build: PATH: /usr/local/lib/node_modules/npm/bin/node-gyp-bin:/Users/tina/projects/2018.jsunconf.eu/node_modules/.bin:/usr/local/lib/node_modules/npm/bin/node-gyp-bin:/Users/tina/projects/2018.jsunconf.eu/node_modules/.bin:/usr/local/lib/node_modules/npm/bin/node-gyp-bin:/Users/tina/projects/2018.jsunconf.eu/node_modules/.bin:/usr/local/Cellar/node/7.0.0/bin:/usr/local/bin:/usr/bin:/bin:/usr/sbin:/sbin
10 verbose lifecycle 2018.jsunconf.eu@0.0.1~build: CWD: /Users/tina/projects/2018.jsunconf.eu
11 silly lifecycle 2018.jsunconf.eu@0.0.1~build: Args: [ '-c', 'metalsmith' ]
12 silly lifecycle 2018.jsunconf.eu@0.0.1~build: Returned: code: 0  signal: null
13 info lifecycle 2018.jsunconf.eu@0.0.1~postbuild: 2018.jsunconf.eu@0.0.1
14 verbose lifecycle 2018.jsunconf.eu@0.0.1~postbuild: unsafe-perm in lifecycle true
15 verbose lifecycle 2018.jsunconf.eu@0.0.1~postbuild: PATH: /usr/local/lib/node_modules/npm/bin/node-gyp-bin:/Users/tina/projects/2018.jsunconf.eu/node_modules/.bin:/usr/local/lib/node_modules/npm/bin/node-gyp-bin:/Users/tina/projects/2018.jsunconf.eu/node_modules/.bin:/usr/local/lib/node_modules/npm/bin/node-gyp-bin:/Users/tina/projects/2018.jsunconf.eu/node_modules/.bin:/usr/local/Cellar/node/7.0.0/bin:/usr/local/bin:/usr/bin:/bin:/usr/sbin:/sbin
16 verbose lifecycle 2018.jsunconf.eu@0.0.1~postbuild: CWD: /Users/tina/projects/2018.jsunconf.eu
17 silly lifecycle 2018.jsunconf.eu@0.0.1~postbuild: Args: [ '-c', 'subfont docs -i --inline-css' ]
18 info lifecycle 2018.jsunconf.eu@0.0.1~postbuild: Failed to exec postbuild script
19 verbose stack Error: 2018.jsunconf.eu@0.0.1 postbuild: `subfont docs -i --inline-css`
19 verbose stack spawn ENOENT
19 verbose stack     at ChildProcess.<anonymous> (/usr/local/lib/node_modules/npm/lib/utils/spawn.js:33:16)
19 verbose stack     at emitTwo (events.js:106:13)
19 verbose stack     at ChildProcess.emit (events.js:191:7)
19 verbose stack     at maybeClose (internal/child_process.js:877:16)
19 verbose stack     at Process.ChildProcess._handle.onexit (internal/child_process.js:226:5)
20 verbose pkgid 2018.jsunconf.eu@0.0.1
21 verbose cwd /Users/tina/projects/2018.jsunconf.eu
22 error Darwin 16.7.0
23 error argv "/usr/local/Cellar/node/7.0.0/bin/node" "/usr/local/bin/npm" "run" "build"
24 error node v7.0.0
25 error npm  v3.10.8
26 error file sh
27 error code ELIFECYCLE
28 error errno ENOENT
29 error syscall spawn
30 error 2018.jsunconf.eu@0.0.1 postbuild: `subfont docs -i --inline-css`
30 error spawn ENOENT
31 error Failed at the 2018.jsunconf.eu@0.0.1 postbuild script 'subfont docs -i --inline-css'.
31 error Make sure you have the latest version of node.js and npm installed.
31 error If you do, this is most likely a problem with the 2018.jsunconf.eu package,
31 error not with npm itself.
31 error Tell the author that this fails on your system:
31 error     subfont docs -i --inline-css
31 error You can get information on how to open an issue for this project with:
31 error     npm bugs 2018.jsunconf.eu
31 error Or if that isn't available, you can get their info via:
31 error     npm owner ls 2018.jsunconf.eu
31 error There is likely additional logging output above.
32 verbose exit [ 1, true ]
